# JRE version: Java(TM) SE Runtime Environment (8.0_321-b07) (build 1.8.0_321-b07)
# Java VM: Java HotSpot(TM) 64-Bit Server VM (25.321-b07 mixed mode windows-amd64 compressed oops)
Heap:
 PSYoungGen      total 16896K, used 12210K [0x00000000ed800000, 0x00000000ef880000, 0x0000000100000000)
  eden space 10240K, 98% used [0x00000000ed800000,0x00000000ee1e5f20,0x00000000ee200000)
  from space 6656K, 31% used [0x00000000ee200000,0x00000000ee4069f8,0x00000000ee880000)
  to   space 6656K, 0% used [0x00000000ef200000,0x00000000ef200000,0x00000000ef880000)
 ParOldGen       total 27136K, used 7241K [0x00000000c8800000, 0x00000000ca280000, 0x00000000ed800000)
  object space 27136K, 26% used [0x00000000c8800000,0x00000000c8f126e0,0x00000000ca280000)
 Metaspace       used 26581K, capacity 27144K, committed 27520K, reserved 1073152K
  class space    used 3712K, capacity 3853K, committed 3968K, reserved 1048576K
GC Heap History (10 events):
Event: 57.021 GC heap before
{Heap before GC invocations=4 (full 0):
 PSYoungGen      total 16896K, used 16890K [0x00000000ed800000, 0x00000000eea80000, 0x0000000100000000)
  eden space 14848K, 100% used [0x00000000ed800000,0x00000000ee680000,0x00000000ee680000)
  from space 2048K, 99% used [0x00000000ee680000,0x00000000ee87e9b0,0x00000000ee880000)
  to   space 2048K, 0% used [0x00000000ee880000,0x00000000ee880000,0x00000000eea80000)
 ParOldGen       total 38400K, used 6413K [0x00000000c8800000, 0x00000000cad80000, 0x00000000ed800000)
  object space 38400K, 16% used [0x00000000c8800000,0x00000000c8e434c0,0x00000000cad80000)
 Metaspace       used 19930K, capacity 20306K, committed 20480K, reserved 1067008K
  class space    used 2676K, capacity 2768K, committed 2816K, reserved 1048576K
Event: 57.035 GC heap after
Heap after GC invocations=4 (full 0):
 PSYoungGen      total 16896K, used 2026K [0x00000000ed800000, 0x00000000ef900000, 0x0000000100000000)
  eden space 14848K, 0% used [0x00000000ed800000,0x00000000ed800000,0x00000000ee680000)
  from space 2048K, 98% used [0x00000000ee880000,0x00000000eea7a9a0,0x00000000eea80000)
  to   space 2048K, 0% used [0x00000000ee680000,0x00000000ee680000,0x00000000ee880000)
 ParOldGen       total 38400K, used 10041K [0x00000000c8800000, 0x00000000cad80000, 0x00000000ed800000)
  object space 38400K, 26% used [0x00000000c8800000,0x00000000c91ce700,0x00000000cad80000)
 Metaspace       used 19930K, capacity 20306K, committed 20480K, reserved 1067008K
  class space    used 2676K, capacity 2768K, committed 2816K, reserved 1048576K
}
Event: 57.325 GC heap before
{Heap before GC invocations=5 (full 0):
 PSYoungGen      total 16896K, used 8014K [0x00000000ed800000, 0x00000000ef900000, 0x0000000100000000)
  eden space 14848K, 40% used [0x00000000ed800000,0x00000000eddd8f70,0x00000000ee680000)
  from space 2048K, 98% used [0x00000000ee880000,0x00000000eea7a9a0,0x00000000eea80000)
  to   space 2048K, 0% used [0x00000000ee680000,0x00000000ee680000,0x00000000ee880000)
 ParOldGen       total 38400K, used 10041K [0x00000000c8800000, 0x00000000cad80000, 0x00000000ed800000)
  object space 38400K, 26% used [0x00000000c8800000,0x00000000c91ce700,0x00000000cad80000)
 Metaspace       used 20823K, capacity 21170K, committed 21296K, reserved 1067008K
  class space    used 2813K, capacity 2902K, committed 2944K, reserved 1048576K
Event: 57.333 GC heap after
Heap after GC invocations=5 (full 0):
 PSYoungGen      total 16896K, used 2042K [0x00000000ed800000, 0x00000000ef900000, 0x0000000100000000)
  eden space 14848K, 0% used [0x00000000ed800000,0x00000000ed800000,0x00000000ee680000)
  from space 2048K, 99% used [0x00000000ee680000,0x00000000ee87e9b0,0x00000000ee880000)
  to   space 2048K, 0% used [0x00000000ee880000,0x00000000ee880000,0x00000000eea80000)
 ParOldGen       total 38400K, used 10839K [0x00000000c8800000, 0x00000000cad80000, 0x00000000ed800000)
  object space 38400K, 28% used [0x00000000c8800000,0x00000000c9295d90,0x00000000cad80000)
 Metaspace       used 20823K, capacity 21170K, committed 21296K, reserved 1067008K
  class space    used 2813K, capacity 2902K, committed 2944K, reserved 1048576K
}
Event: 57.333 GC heap before
{Heap before GC invocations=6 (full 1):
 PSYoungGen      total 16896K, used 2042K [0x00000000ed800000, 0x00000000ef900000, 0x0000000100000000)
  eden space 14848K, 0% used [0x00000000ed800000,0x00000000ed800000,0x00000000ee680000)
  from space 2048K, 99% used [0x00000000ee680000,0x00000000ee87e9b0,0x00000000ee880000)
  to   space 2048K, 0% used [0x00000000ee880000,0x00000000ee880000,0x00000000eea80000)
 ParOldGen       total 38400K, used 10839K [0x00000000c8800000, 0x00000000cad80000, 0x00000000ed800000)
  object space 38400K, 28% used [0x00000000c8800000,0x00000000c9295d90,0x00000000cad80000)
 Metaspace       used 20823K, capacity 21170K, committed 21296K, reserved 1067008K
  class space    used 2813K, capacity 2902K, committed 2944K, reserved 1048576K
Event: 57.388 GC heap after
Heap after GC invocations=6 (full 1):
 PSYoungGen      total 16896K, used 0K [0x00000000ed800000, 0x00000000ef900000, 0x0000000100000000)
  eden space 14848K, 0% used [0x00000000ed800000,0x00000000ed800000,0x00000000ee680000)
  from space 2048K, 0% used [0x00000000ee680000,0x00000000ee680000,0x00000000ee880000)
  to   space 2048K, 0% used [0x00000000ee880000,0x00000000ee880000,0x00000000eea80000)
 ParOldGen       total 27136K, used 6717K [0x00000000c8800000, 0x00000000ca280000, 0x00000000ed800000)
  object space 27136K, 24% used [0x00000000c8800000,0x00000000c8e8f7a0,0x00000000ca280000)
 Metaspace       used 20823K, capacity 21170K, committed 21296K, reserved 1067008K
  class space    used 2813K, capacity 2902K, committed 2944K, reserved 1048576K
}
Event: 57.994 GC heap before
{Heap before GC invocations=7 (full 1):
 PSYoungGen      total 16896K, used 14848K [0x00000000ed800000, 0x00000000ef900000, 0x0000000100000000)
  eden space 14848K, 100% used [0x00000000ed800000,0x00000000ee680000,0x00000000ee680000)
  from space 2048K, 0% used [0x00000000ee680000,0x00000000ee680000,0x00000000ee880000)
  to   space 2048K, 0% used [0x00000000ee880000,0x00000000ee880000,0x00000000eea80000)
 ParOldGen       total 27136K, used 6717K [0x00000000c8800000, 0x00000000ca280000, 0x00000000ed800000)
  object space 27136K, 24% used [0x00000000c8800000,0x00000000c8e8f7a0,0x00000000ca280000)
 Metaspace       used 23798K, capacity 24232K, committed 24576K, reserved 1071104K
  class space    used 3190K, capacity 3283K, committed 3328K, reserved 1048576K
Event: 58.000 GC heap after
Heap after GC invocations=7 (full 1):
 PSYoungGen      total 12288K, used 2025K [0x00000000ed800000, 0x00000000f0100000, 0x0000000100000000)
  eden space 10240K, 0% used [0x00000000ed800000,0x00000000ed800000,0x00000000ee200000)
  from space 2048K, 98% used [0x00000000ee880000,0x00000000eea7a530,0x00000000eea80000)
  to   space 6656K, 0% used [0x00000000ee200000,0x00000000ee200000,0x00000000ee880000)
 ParOldGen       total 27136K, used 7233K [0x00000000c8800000, 0x00000000ca280000, 0x00000000ed800000)
  object space 27136K, 26% used [0x00000000c8800000,0x00000000c8f106e0,0x00000000ca280000)
 Metaspace       used 23798K, capacity 24232K, committed 24576K, reserved 1071104K
  class space    used 3190K, capacity 3283K, committed 3328K, reserved 1048576K
}
Event: 58.473 GC heap before
{Heap before GC invocations=8 (full 1):
 PSYoungGen      total 12288K, used 12265K [0x00000000ed800000, 0x00000000f0100000, 0x0000000100000000)
  eden space 10240K, 100% used [0x00000000ed800000,0x00000000ee200000,0x00000000ee200000)
  from space 2048K, 98% used [0x00000000ee880000,0x00000000eea7a530,0x00000000eea80000)
  to   space 6656K, 0% used [0x00000000ee200000,0x00000000ee200000,0x00000000ee880000)
 ParOldGen       total 27136K, used 7233K [0x00000000c8800000, 0x00000000ca280000, 0x00000000ed800000)
  object space 27136K, 26% used [0x00000000c8800000,0x00000000c8f106e0,0x00000000ca280000)
 Metaspace       used 25214K, capacity 25710K, committed 25984K, reserved 1071104K
  class space    used 3491K, capacity 3604K, committed 3712K, reserved 1048576K
Event: 58.478 GC heap after
Heap after GC invocations=8 (full 1):
 PSYoungGen      total 16896K, used 2074K [0x00000000ed800000, 0x00000000ef880000, 0x0000000100000000)
  eden space 10240K, 0% used [0x00000000ed800000,0x00000000ed800000,0x00000000ee200000)
  from space 6656K, 31% used [0x00000000ee200000,0x00000000ee4069f8,0x00000000ee880000)
  to   space 6656K, 0% used [0x00000000ef200000,0x00000000ef200000,0x00000000ef880000)
 ParOldGen       total 27136K, used 7241K [0x00000000c8800000, 0x00000000ca280000, 0x00000000ed800000)
  object space 27136K, 26% used [0x00000000c8800000,0x00000000c8f126e0,0x00000000ca280000)
 Metaspace       used 25214K, capacity 25710K, committed 25984K, reserved 1071104K
  class space    used 3491K, capacity 3604K, committed 3712K, reserved 1048576K
}

