# JRE version: Java(TM) SE Runtime Environment (8.0_321-b07) (build 1.8.0_321-b07)
# Java VM: Java HotSpot(TM) 64-Bit Server VM (25.321-b07 mixed mode windows-amd64 compressed oops)
Heap:
 PSYoungGen      total 16896K, used 2042K [0x00000000ed800000, 0x00000000ef900000, 0x0000000100000000)
  eden space 14848K, 0% used [0x00000000ed800000,0x00000000ed800000,0x00000000ee680000)
  from space 2048K, 99% used [0x00000000ee680000,0x00000000ee87e9d0,0x00000000ee880000)
  to   space 2048K, 0% used [0x00000000ee880000,0x00000000ee880000,0x00000000eea80000)
 ParOldGen       total 38400K, used 10738K [0x00000000c8800000, 0x00000000cad80000, 0x00000000ed800000)
  object space 38400K, 27% used [0x00000000c8800000,0x00000000c927cb60,0x00000000cad80000)
 Metaspace       used 20817K, capacity 21166K, committed 21296K, reserved 1067008K
  class space    used 2813K, capacity 2902K, committed 2944K, reserved 1048576K
GC Heap History (8 events):
Event: 30.057 GC heap before
{Heap before GC invocations=1 (full 0):
 PSYoungGen      total 16896K, used 14848K [0x00000000ed800000, 0x00000000eea80000, 0x0000000100000000)
  eden space 14848K, 100% used [0x00000000ed800000,0x00000000ee680000,0x00000000ee680000)
  from space 2048K, 0% used [0x00000000ee880000,0x00000000ee880000,0x00000000eea80000)
  to   space 2048K, 0% used [0x00000000ee680000,0x00000000ee680000,0x00000000ee880000)
 ParOldGen       total 38400K, used 0K [0x00000000c8800000, 0x00000000cad80000, 0x00000000ed800000)
  object space 38400K, 0% used [0x00000000c8800000,0x00000000c8800000,0x00000000cad80000)
 Metaspace       used 9746K, capacity 9890K, committed 9984K, reserved 1058816K
  class space    used 1146K, capacity 1211K, committed 1280K, reserved 1048576K
Event: 30.064 GC heap after
Heap after GC invocations=1 (full 0):
 PSYoungGen      total 16896K, used 2046K [0x00000000ed800000, 0x00000000eea80000, 0x0000000100000000)
  eden space 14848K, 0% used [0x00000000ed800000,0x00000000ed800000,0x00000000ee680000)
  from space 2048K, 99% used [0x00000000ee680000,0x00000000ee87f8b8,0x00000000ee880000)
  to   space 2048K, 0% used [0x00000000ee880000,0x00000000ee880000,0x00000000eea80000)
 ParOldGen       total 38400K, used 1342K [0x00000000c8800000, 0x00000000cad80000, 0x00000000ed800000)
  object space 38400K, 3% used [0x00000000c8800000,0x00000000c894f8e8,0x00000000cad80000)
 Metaspace       used 9746K, capacity 9890K, committed 9984K, reserved 1058816K
  class space    used 1146K, capacity 1211K, committed 1280K, reserved 1048576K
}
Event: 31.035 GC heap before
{Heap before GC invocations=2 (full 0):
 PSYoungGen      total 16896K, used 16894K [0x00000000ed800000, 0x00000000eea80000, 0x0000000100000000)
  eden space 14848K, 100% used [0x00000000ed800000,0x00000000ee680000,0x00000000ee680000)
  from space 2048K, 99% used [0x00000000ee680000,0x00000000ee87f8b8,0x00000000ee880000)
  to   space 2048K, 0% used [0x00000000ee880000,0x00000000ee880000,0x00000000eea80000)
 ParOldGen       total 38400K, used 1342K [0x00000000c8800000, 0x00000000cad80000, 0x00000000ed800000)
  object space 38400K, 3% used [0x00000000c8800000,0x00000000c894f8e8,0x00000000cad80000)
 Metaspace       used 12714K, capacity 12992K, committed 13312K, reserved 1060864K
  class space    used 1613K, capacity 1687K, committed 1792K, reserved 1048576K
Event: 31.044 GC heap after
Heap after GC invocations=2 (full 0):
 PSYoungGen      total 16896K, used 2026K [0x00000000ed800000, 0x00000000eea80000, 0x0000000100000000)
  eden space 14848K, 0% used [0x00000000ed800000,0x00000000ed800000,0x00000000ee680000)
  from space 2048K, 98% used [0x00000000ee880000,0x00000000eea7a9a0,0x00000000eea80000)
  to   space 2048K, 0% used [0x00000000ee680000,0x00000000ee680000,0x00000000ee880000)
 ParOldGen       total 38400K, used 3452K [0x00000000c8800000, 0x00000000cad80000, 0x00000000ed800000)
  object space 38400K, 8% used [0x00000000c8800000,0x00000000c8b5f2c0,0x00000000cad80000)
 Metaspace       used 12714K, capacity 12992K, committed 13312K, reserved 1060864K
  class space    used 1613K, capacity 1687K, committed 1792K, reserved 1048576K
}
Event: 31.644 GC heap before
{Heap before GC invocations=3 (full 0):
 PSYoungGen      total 16896K, used 16874K [0x00000000ed800000, 0x00000000eea80000, 0x0000000100000000)
  eden space 14848K, 100% used [0x00000000ed800000,0x00000000ee680000,0x00000000ee680000)
  from space 2048K, 98% used [0x00000000ee880000,0x00000000eea7a9a0,0x00000000eea80000)
  to   space 2048K, 0% used [0x00000000ee680000,0x00000000ee680000,0x00000000ee880000)
 ParOldGen       total 38400K, used 3452K [0x00000000c8800000, 0x00000000cad80000, 0x00000000ed800000)
  object space 38400K, 8% used [0x00000000c8800000,0x00000000c8b5f2c0,0x00000000cad80000)
 Metaspace       used 16710K, capacity 17066K, committed 17408K, reserved 1064960K
  class space    used 2182K, capacity 2272K, committed 2304K, reserved 1048576K
Event: 31.653 GC heap after
Heap after GC invocations=3 (full 0):
 PSYoungGen      total 16896K, used 2042K [0x00000000ed800000, 0x00000000eea80000, 0x0000000100000000)
  eden space 14848K, 0% used [0x00000000ed800000,0x00000000ed800000,0x00000000ee680000)
  from space 2048K, 99% used [0x00000000ee680000,0x00000000ee87e9b0,0x00000000ee880000)
  to   space 2048K, 0% used [0x00000000ee880000,0x00000000ee880000,0x00000000eea80000)
 ParOldGen       total 38400K, used 6223K [0x00000000c8800000, 0x00000000cad80000, 0x00000000ed800000)
  object space 38400K, 16% used [0x00000000c8800000,0x00000000c8e13de0,0x00000000cad80000)
 Metaspace       used 16710K, capacity 17066K, committed 17408K, reserved 1064960K
  class space    used 2182K, capacity 2272K, committed 2304K, reserved 1048576K
}
Event: 32.317 GC heap before
{Heap before GC invocations=4 (full 0):
 PSYoungGen      total 16896K, used 16890K [0x00000000ed800000, 0x00000000eea80000, 0x0000000100000000)
  eden space 14848K, 100% used [0x00000000ed800000,0x00000000ee680000,0x00000000ee680000)
  from space 2048K, 99% used [0x00000000ee680000,0x00000000ee87e9b0,0x00000000ee880000)
  to   space 2048K, 0% used [0x00000000ee880000,0x00000000ee880000,0x00000000eea80000)
 ParOldGen       total 38400K, used 6223K [0x00000000c8800000, 0x00000000cad80000, 0x00000000ed800000)
  object space 38400K, 16% used [0x00000000c8800000,0x00000000c8e13de0,0x00000000cad80000)
 Metaspace       used 19894K, capacity 20302K, committed 20480K, reserved 1067008K
  class space    used 2670K, capacity 2768K, committed 2816K, reserved 1048576K
Event: 32.330 GC heap after
Heap after GC invocations=4 (full 0):
 PSYoungGen      total 16896K, used 2026K [0x00000000ed800000, 0x00000000ef900000, 0x0000000100000000)
  eden space 14848K, 0% used [0x00000000ed800000,0x00000000ed800000,0x00000000ee680000)
  from space 2048K, 98% used [0x00000000ee880000,0x00000000eea7a9c0,0x00000000eea80000)
  to   space 2048K, 0% used [0x00000000ee680000,0x00000000ee680000,0x00000000ee880000)
 ParOldGen       total 38400K, used 9891K [0x00000000c8800000, 0x00000000cad80000, 0x00000000ed800000)
  object space 38400K, 25% used [0x00000000c8800000,0x00000000c91a8fd0,0x00000000cad80000)
 Metaspace       used 19894K, capacity 20302K, committed 20480K, reserved 1067008K
  class space    used 2670K, capacity 2768K, committed 2816K, reserved 1048576K
}

